<?xml version="1.0" encoding="UTF-8"?>
<testng-results skipped="0" failed="2" ignored="6" total="14" passed="6">
  <reporter-output>
  </reporter-output>
  <suite name="Extent Parallel Test" duration-ms="224629" started-at="2021-01-22T02:01:01Z" finished-at="2021-01-22T02:04:45Z">
    <groups>
      <group name="abc">
        <method signature="ValidLogin1.TC1(java.lang.reflect.Method)[pri:0, instance:com.pulse.Test.ValidLogin1@6f7fd0e6]" name="TC1" class="com.pulse.Test.ValidLogin1"/>
      </group> <!-- abc -->
    </groups>
    <test name="TestChrome" duration-ms="183922" started-at="2021-01-22T02:01:01Z" finished-at="2021-01-22T02:04:05Z">
      <class name="com.pulse.Test.ValidLogin1">
        <test-method status="PASS" signature="beforeTest(org.testng.xml.XmlTest)[pri:0, instance:com.pulse.Test.ValidLogin1@6f7fd0e6]" name="beforeTest" is-config="true" duration-ms="4" started-at="2021-01-22T07:31:01Z" finished-at="2021-01-22T07:31:01Z">
          <params>
            <param index="0">
              <value>
                <![CDATA[[Test: "TestChrome" verbose:0[parameters:browser=>chrome,][metagroups:] [included: ][excluded: ]  classes: packages:] ]]>
              </value>
            </param>
          </params>
          <reporter-output>
          </reporter-output>
        </test-method> <!-- beforeTest -->
        <test-method status="PASS" signature="beforeClass(org.testng.ITestContext)[pri:0, instance:com.pulse.Test.ValidLogin1@6f7fd0e6]" name="beforeClass" is-config="true" duration-ms="1" started-at="2021-01-22T07:31:01Z" finished-at="2021-01-22T07:31:01Z">
          <params>
            <param index="0">
              <value>
                <![CDATA[org.testng.TestRunner@76b10754]]>
              </value>
            </param>
          </params>
          <reporter-output>
          </reporter-output>
        </test-method> <!-- beforeClass -->
        <test-method status="PASS" signature="beforeMethod(java.lang.reflect.Method, java.lang.String)[pri:0, instance:com.pulse.Test.ValidLogin1@6f7fd0e6]" name="beforeMethod" is-config="true" duration-ms="5975" started-at="2021-01-22T07:31:01Z" finished-at="2021-01-22T07:31:07Z">
          <params>
            <param index="0">
              <value>
                <![CDATA[public void com.pulse.Test.ValidLogin1.TC1(java.lang.reflect.Method) throws java.io.IOException,java.lang.Exception]]>
              </value>
            </param>
            <param index="1">
              <value>
                <![CDATA[chrome]]>
              </value>
            </param>
          </params>
          <reporter-output>
          </reporter-output>
        </test-method> <!-- beforeMethod -->
        <test-method status="PASS" signature="TC1(java.lang.reflect.Method)[pri:0, instance:com.pulse.Test.ValidLogin1@6f7fd0e6]" name="TC1" duration-ms="13895" started-at="2021-01-22T07:31:07Z" description="This test case is to verify that the firstname and lastname is entered." finished-at="2021-01-22T07:31:21Z">
          <params>
            <param index="0">
              <value>
                <![CDATA[public void com.pulse.Test.ValidLogin1.TC1(java.lang.reflect.Method) throws java.io.IOException,java.lang.Exception]]>
              </value>
            </param>
          </params>
          <reporter-output>
          </reporter-output>
        </test-method> <!-- TC1 -->
        <test-method status="PASS" signature="tearDown(org.testng.ITestResult)[pri:0, instance:com.pulse.Test.ValidLogin1@6f7fd0e6]" name="tearDown" is-config="true" duration-ms="99" started-at="2021-01-22T07:31:21Z" finished-at="2021-01-22T07:31:21Z">
          <params>
            <param index="0">
              <value>
                <![CDATA[[TestResult name=TC1 status=SUCCESS method=ValidLogin1.TC1(java.lang.reflect.Method)[pri:0, instance:com.pulse.Test.ValidLogin1@6f7fd0e6] output={null}]]]>
              </value>
            </param>
          </params>
          <reporter-output>
          </reporter-output>
        </test-method> <!-- tearDown -->
        <test-method status="PASS" signature="beforeMethod(java.lang.reflect.Method, java.lang.String)[pri:0, instance:com.pulse.Test.ValidLogin1@6f7fd0e6]" name="beforeMethod" is-config="true" duration-ms="83961" started-at="2021-01-22T07:31:21Z" finished-at="2021-01-22T07:32:45Z">
          <params>
            <param index="0">
              <value>
                <![CDATA[public void com.pulse.Test.ValidLogin1.TC2(java.lang.reflect.Method) throws java.lang.InterruptedException]]>
              </value>
            </param>
            <param index="1">
              <value>
                <![CDATA[chrome]]>
              </value>
            </param>
          </params>
          <reporter-output>
          </reporter-output>
        </test-method> <!-- beforeMethod -->
        <test-method status="PASS" signature="TC2(java.lang.reflect.Method)[pri:0, instance:com.pulse.Test.ValidLogin1@6f7fd0e6]" name="TC2" duration-ms="4390" started-at="2021-01-22T07:32:45Z" description="This test case verifies whether the radio button single is selected." finished-at="2021-01-22T07:32:49Z">
          <params>
            <param index="0">
              <value>
                <![CDATA[public void com.pulse.Test.ValidLogin1.TC2(java.lang.reflect.Method) throws java.lang.InterruptedException]]>
              </value>
            </param>
          </params>
          <reporter-output>
          </reporter-output>
        </test-method> <!-- TC2 -->
        <test-method status="PASS" signature="tearDown(org.testng.ITestResult)[pri:0, instance:com.pulse.Test.ValidLogin1@6f7fd0e6]" name="tearDown" is-config="true" duration-ms="91" started-at="2021-01-22T07:32:49Z" finished-at="2021-01-22T07:32:49Z">
          <params>
            <param index="0">
              <value>
                <![CDATA[[TestResult name=TC2 status=SUCCESS method=ValidLogin1.TC2(java.lang.reflect.Method)[pri:0, instance:com.pulse.Test.ValidLogin1@6f7fd0e6] output={null}]]]>
              </value>
            </param>
          </params>
          <reporter-output>
          </reporter-output>
        </test-method> <!-- tearDown -->
        <test-method status="PASS" signature="afterClass()[pri:0, instance:com.pulse.Test.ValidLogin1@6f7fd0e6]" name="afterClass" is-config="true" duration-ms="52" started-at="2021-01-22T07:32:49Z" finished-at="2021-01-22T07:32:49Z">
          <reporter-output>
          </reporter-output>
        </test-method> <!-- afterClass -->
      </class> <!-- com.pulse.Test.ValidLogin1 -->
      <class name="com.pulse.Test.ValidLogin2">
        <test-method status="PASS" signature="beforeMethod(java.lang.reflect.Method, java.lang.String)[pri:0, instance:com.pulse.Test.ValidLogin2@47c62251]" name="beforeMethod" is-config="true" duration-ms="23123" started-at="2021-01-22T07:32:49Z" finished-at="2021-01-22T07:33:12Z">
          <params>
            <param index="0">
              <value>
                <![CDATA[public void com.pulse.Test.ValidLogin2.TC3(java.lang.reflect.Method) throws java.lang.Exception]]>
              </value>
            </param>
            <param index="1">
              <value>
                <![CDATA[chrome]]>
              </value>
            </param>
          </params>
          <reporter-output>
          </reporter-output>
        </test-method> <!-- beforeMethod -->
        <test-method status="PASS" signature="beforeClass(org.testng.ITestContext)[pri:0, instance:com.pulse.Test.ValidLogin2@47c62251]" name="beforeClass" is-config="true" duration-ms="0" started-at="2021-01-22T07:32:49Z" finished-at="2021-01-22T07:32:49Z">
          <params>
            <param index="0">
              <value>
                <![CDATA[org.testng.TestRunner@76b10754]]>
              </value>
            </param>
          </params>
          <reporter-output>
          </reporter-output>
        </test-method> <!-- beforeClass -->
        <test-method status="PASS" signature="TC3(java.lang.reflect.Method)[pri:0, instance:com.pulse.Test.ValidLogin2@47c62251]" name="TC3" duration-ms="11763" started-at="2021-01-22T07:33:12Z" description="This test case verifies whether the reading check box is selected." finished-at="2021-01-22T07:33:24Z">
          <params>
            <param index="0">
              <value>
                <![CDATA[public void com.pulse.Test.ValidLogin2.TC3(java.lang.reflect.Method) throws java.lang.Exception]]>
              </value>
            </param>
          </params>
          <reporter-output>
          </reporter-output>
        </test-method> <!-- TC3 -->
        <test-method status="PASS" signature="tearDown(org.testng.ITestResult)[pri:0, instance:com.pulse.Test.ValidLogin2@47c62251]" name="tearDown" is-config="true" duration-ms="131" started-at="2021-01-22T07:33:24Z" finished-at="2021-01-22T07:33:24Z">
          <params>
            <param index="0">
              <value>
                <![CDATA[[TestResult name=TC3 status=SUCCESS method=ValidLogin2.TC3(java.lang.reflect.Method)[pri:0, instance:com.pulse.Test.ValidLogin2@47c62251] output={null}]]]>
              </value>
            </param>
          </params>
          <reporter-output>
          </reporter-output>
        </test-method> <!-- tearDown -->
        <test-method status="PASS" signature="beforeMethod(java.lang.reflect.Method, java.lang.String)[pri:0, instance:com.pulse.Test.ValidLogin2@47c62251]" name="beforeMethod" is-config="true" duration-ms="22280" started-at="2021-01-22T07:33:24Z" finished-at="2021-01-22T07:33:47Z">
          <params>
            <param index="0">
              <value>
                <![CDATA[public void com.pulse.Test.ValidLogin2.TC4(java.lang.reflect.Method) throws java.lang.Exception]]>
              </value>
            </param>
            <param index="1">
              <value>
                <![CDATA[chrome]]>
              </value>
            </param>
          </params>
          <reporter-output>
          </reporter-output>
        </test-method> <!-- beforeMethod -->
        <test-method status="PASS" signature="TC4(java.lang.reflect.Method)[pri:0, instance:com.pulse.Test.ValidLogin2@47c62251]" name="TC4" duration-ms="17925" started-at="2021-01-22T07:33:47Z" description="This test case verifies whether the country is selected." finished-at="2021-01-22T07:34:04Z">
          <params>
            <param index="0">
              <value>
                <![CDATA[public void com.pulse.Test.ValidLogin2.TC4(java.lang.reflect.Method) throws java.lang.Exception]]>
              </value>
            </param>
          </params>
          <reporter-output>
          </reporter-output>
        </test-method> <!-- TC4 -->
        <test-method status="PASS" signature="tearDown(org.testng.ITestResult)[pri:0, instance:com.pulse.Test.ValidLogin2@47c62251]" name="tearDown" is-config="true" duration-ms="168" started-at="2021-01-22T07:34:04Z" finished-at="2021-01-22T07:34:05Z">
          <params>
            <param index="0">
              <value>
                <![CDATA[[TestResult name=TC4 status=SUCCESS method=ValidLogin2.TC4(java.lang.reflect.Method)[pri:0, instance:com.pulse.Test.ValidLogin2@47c62251] output={null}]]]>
              </value>
            </param>
          </params>
          <reporter-output>
          </reporter-output>
        </test-method> <!-- tearDown -->
        <test-method status="PASS" signature="afterClass()[pri:0, instance:com.pulse.Test.ValidLogin2@47c62251]" name="afterClass" is-config="true" duration-ms="46" started-at="2021-01-22T07:34:05Z" finished-at="2021-01-22T07:34:05Z">
          <reporter-output>
          </reporter-output>
        </test-method> <!-- afterClass -->
      </class> <!-- com.pulse.Test.ValidLogin2 -->
    </test> <!-- TestChrome -->
    <test name="TestFirefox" duration-ms="224629" started-at="2021-01-22T02:01:01Z" finished-at="2021-01-22T02:04:45Z">
      <class name="com.pulse.Test.ValidLogin3">
        <test-method status="PASS" signature="beforeSuite()[pri:0, instance:com.pulse.Test.ValidLogin3@204f30ec]" name="beforeSuite" is-config="true" duration-ms="127" started-at="2021-01-22T07:31:01Z" finished-at="2021-01-22T07:31:01Z">
          <reporter-output>
          </reporter-output>
        </test-method> <!-- beforeSuite -->
        <test-method status="PASS" signature="beforeTest(org.testng.xml.XmlTest)[pri:0, instance:com.pulse.Test.ValidLogin3@204f30ec]" name="beforeTest" is-config="true" duration-ms="4" started-at="2021-01-22T07:31:01Z" finished-at="2021-01-22T07:31:01Z">
          <params>
            <param index="0">
              <value>
                <![CDATA[[Test: "TestFirefox" verbose:0[parameters:browser=>chrome,][metagroups:] [included: ][excluded: ]  classes: packages:] ]]>
              </value>
            </param>
          </params>
          <reporter-output>
          </reporter-output>
        </test-method> <!-- beforeTest -->
        <test-method status="PASS" signature="beforeClass(org.testng.ITestContext)[pri:0, instance:com.pulse.Test.ValidLogin3@204f30ec]" name="beforeClass" is-config="true" duration-ms="1" started-at="2021-01-22T07:31:01Z" finished-at="2021-01-22T07:31:01Z">
          <params>
            <param index="0">
              <value>
                <![CDATA[org.testng.TestRunner@2bea5ab4]]>
              </value>
            </param>
          </params>
          <reporter-output>
          </reporter-output>
        </test-method> <!-- beforeClass -->
        <test-method status="PASS" signature="beforeMethod(java.lang.reflect.Method, java.lang.String)[pri:0, instance:com.pulse.Test.ValidLogin3@204f30ec]" name="beforeMethod" is-config="true" duration-ms="48961" started-at="2021-01-22T07:31:01Z" finished-at="2021-01-22T07:31:50Z">
          <params>
            <param index="0">
              <value>
                <![CDATA[public void com.pulse.Test.ValidLogin3.TC5(java.lang.reflect.Method) throws java.lang.Exception]]>
              </value>
            </param>
            <param index="1">
              <value>
                <![CDATA[chrome]]>
              </value>
            </param>
          </params>
          <reporter-output>
          </reporter-output>
        </test-method> <!-- beforeMethod -->
        <test-method status="PASS" signature="TC5(java.lang.reflect.Method)[pri:0, instance:com.pulse.Test.ValidLogin3@204f30ec]" name="TC5" duration-ms="12806" started-at="2021-01-22T07:31:50Z" finished-at="2021-01-22T07:32:03Z">
          <params>
            <param index="0">
              <value>
                <![CDATA[public void com.pulse.Test.ValidLogin3.TC5(java.lang.reflect.Method) throws java.lang.Exception]]>
              </value>
            </param>
          </params>
          <reporter-output>
          </reporter-output>
        </test-method> <!-- TC5 -->
        <test-method status="PASS" signature="tearDown(org.testng.ITestResult)[pri:0, instance:com.pulse.Test.ValidLogin3@204f30ec]" name="tearDown" is-config="true" duration-ms="122" started-at="2021-01-22T07:32:03Z" finished-at="2021-01-22T07:32:03Z">
          <params>
            <param index="0">
              <value>
                <![CDATA[[TestResult name=TC5 status=SUCCESS method=ValidLogin3.TC5(java.lang.reflect.Method)[pri:0, instance:com.pulse.Test.ValidLogin3@204f30ec] output={null}]]]>
              </value>
            </param>
          </params>
          <reporter-output>
          </reporter-output>
        </test-method> <!-- tearDown -->
        <test-method status="PASS" signature="beforeMethod(java.lang.reflect.Method, java.lang.String)[pri:0, instance:com.pulse.Test.ValidLogin3@204f30ec]" name="beforeMethod" is-config="true" duration-ms="64384" started-at="2021-01-22T07:32:03Z" finished-at="2021-01-22T07:33:07Z">
          <params>
            <param index="0">
              <value>
                <![CDATA[public void com.pulse.Test.ValidLogin3.TC6(java.lang.reflect.Method) throws java.lang.Exception]]>
              </value>
            </param>
            <param index="1">
              <value>
                <![CDATA[chrome]]>
              </value>
            </param>
          </params>
          <reporter-output>
          </reporter-output>
        </test-method> <!-- beforeMethod -->
        <test-method status="FAIL" signature="TC6(java.lang.reflect.Method)[pri:0, instance:com.pulse.Test.ValidLogin3@204f30ec]" name="TC6" duration-ms="17090" started-at="2021-01-22T07:33:07Z" finished-at="2021-01-22T07:33:24Z">
          <params>
            <param index="0">
              <value>
                <![CDATA[public void com.pulse.Test.ValidLogin3.TC6(java.lang.reflect.Method) throws java.lang.Exception]]>
              </value>
            </param>
          </params>
          <exception class="java.lang.AssertionError">
            <message>
              <![CDATA[expected [SAB TV] but found [Yahoo India | News, Finance, Cricket, Lifestyle and Entertainment]]]>
            </message>
            <full-stacktrace>
              <![CDATA[java.lang.AssertionError: expected [SAB TV] but found [Yahoo India | News, Finance, Cricket, Lifestyle and Entertainment]
	at org.testng.Assert.fail(Assert.java:93)
	at org.testng.Assert.failNotEquals(Assert.java:512)
	at org.testng.Assert.assertEqualsImpl(Assert.java:134)
	at org.testng.Assert.assertEquals(Assert.java:115)
	at org.testng.Assert.assertEquals(Assert.java:189)
	at org.testng.Assert.assertEquals(Assert.java:199)
	at com.pulse.Test.ValidLogin3.TC6(ValidLogin3.java:66)
	at sun.reflect.NativeMethodAccessorImpl.invoke0(Native Method)
	at sun.reflect.NativeMethodAccessorImpl.invoke(NativeMethodAccessorImpl.java:62)
	at sun.reflect.DelegatingMethodAccessorImpl.invoke(DelegatingMethodAccessorImpl.java:43)
	at java.lang.reflect.Method.invoke(Method.java:498)
	at org.testng.internal.MethodInvocationHelper.invokeMethod(MethodInvocationHelper.java:108)
	at org.testng.internal.Invoker.invokeMethod(Invoker.java:661)
	at org.testng.internal.Invoker.invokeTestMethod(Invoker.java:869)
	at org.testng.internal.Invoker.invokeTestMethods(Invoker.java:1193)
	at org.testng.internal.TestMethodWorker.invokeTestMethods(TestMethodWorker.java:126)
	at org.testng.internal.TestMethodWorker.run(TestMethodWorker.java:109)
	at org.testng.TestRunner.privateRun(TestRunner.java:744)
	at org.testng.TestRunner.run(TestRunner.java:602)
	at org.testng.SuiteRunner.runTest(SuiteRunner.java:380)
	at org.testng.SuiteRunner.access$000(SuiteRunner.java:39)
	at org.testng.SuiteRunner$SuiteWorker.run(SuiteRunner.java:414)
	at org.testng.internal.thread.ThreadUtil$1.call(ThreadUtil.java:52)
	at java.util.concurrent.FutureTask.run(FutureTask.java:266)
	at java.util.concurrent.ThreadPoolExecutor.runWorker(ThreadPoolExecutor.java:1149)
	at java.util.concurrent.ThreadPoolExecutor$Worker.run(ThreadPoolExecutor.java:624)
	at java.lang.Thread.run(Thread.java:748)
]]>
            </full-stacktrace>
          </exception> <!-- java.lang.AssertionError -->
          <reporter-output>
          </reporter-output>
        </test-method> <!-- TC6 -->
        <test-method status="PASS" signature="tearDown(org.testng.ITestResult)[pri:0, instance:com.pulse.Test.ValidLogin3@204f30ec]" name="tearDown" is-config="true" duration-ms="357" started-at="2021-01-22T07:33:24Z" finished-at="2021-01-22T07:33:25Z">
          <params>
            <param index="0">
              <value>
                <![CDATA[[TestResult name=TC6 status=FAILURE method=ValidLogin3.TC6(java.lang.reflect.Method)[pri:0, instance:com.pulse.Test.ValidLogin3@204f30ec] output={null}]]]>
              </value>
            </param>
          </params>
          <reporter-output>
          </reporter-output>
        </test-method> <!-- tearDown -->
        <test-method status="PASS" signature="afterClass()[pri:0, instance:com.pulse.Test.ValidLogin3@204f30ec]" name="afterClass" is-config="true" duration-ms="49" started-at="2021-01-22T07:33:25Z" finished-at="2021-01-22T07:33:25Z">
          <reporter-output>
          </reporter-output>
        </test-method> <!-- afterClass -->
        <test-method status="PASS" signature="testDown()[pri:0, instance:com.pulse.Test.ValidLogin3@204f30ec]" name="testDown" is-config="true" duration-ms="1" started-at="2021-01-22T07:34:45Z" finished-at="2021-01-22T07:34:45Z">
          <reporter-output>
          </reporter-output>
        </test-method> <!-- testDown -->
      </class> <!-- com.pulse.Test.ValidLogin3 -->
      <class name="com.pulse.Test.ValidLogin4">
        <test-method status="PASS" signature="beforeClass(org.testng.ITestContext)[pri:0, instance:com.pulse.Test.ValidLogin4@e25b2fe]" name="beforeClass" is-config="true" duration-ms="1" started-at="2021-01-22T07:33:25Z" finished-at="2021-01-22T07:33:25Z">
          <params>
            <param index="0">
              <value>
                <![CDATA[org.testng.TestRunner@2bea5ab4]]>
              </value>
            </param>
          </params>
          <reporter-output>
          </reporter-output>
        </test-method> <!-- beforeClass -->
        <test-method status="PASS" signature="beforeMethod(java.lang.reflect.Method, java.lang.String)[pri:0, instance:com.pulse.Test.ValidLogin4@e25b2fe]" name="beforeMethod" is-config="true" duration-ms="66437" started-at="2021-01-22T07:33:25Z" finished-at="2021-01-22T07:34:31Z">
          <params>
            <param index="0">
              <value>
                <![CDATA[public void com.pulse.Test.ValidLogin4.TC7(java.lang.reflect.Method) throws java.lang.Exception]]>
              </value>
            </param>
            <param index="1">
              <value>
                <![CDATA[chrome]]>
              </value>
            </param>
          </params>
          <reporter-output>
          </reporter-output>
        </test-method> <!-- beforeMethod -->
        <test-method status="PASS" signature="TC7(java.lang.reflect.Method)[pri:0, instance:com.pulse.Test.ValidLogin4@e25b2fe]" name="TC7" duration-ms="4052" started-at="2021-01-22T07:34:31Z" finished-at="2021-01-22T07:34:35Z">
          <params>
            <param index="0">
              <value>
                <![CDATA[public void com.pulse.Test.ValidLogin4.TC7(java.lang.reflect.Method) throws java.lang.Exception]]>
              </value>
            </param>
          </params>
          <reporter-output>
          </reporter-output>
        </test-method> <!-- TC7 -->
        <test-method status="PASS" signature="tearDown(org.testng.ITestResult)[pri:0, instance:com.pulse.Test.ValidLogin4@e25b2fe]" name="tearDown" is-config="true" duration-ms="125" started-at="2021-01-22T07:34:35Z" finished-at="2021-01-22T07:34:35Z">
          <params>
            <param index="0">
              <value>
                <![CDATA[[TestResult name=TC7 status=SUCCESS method=ValidLogin4.TC7(java.lang.reflect.Method)[pri:0, instance:com.pulse.Test.ValidLogin4@e25b2fe] output={null}]]]>
              </value>
            </param>
          </params>
          <reporter-output>
          </reporter-output>
        </test-method> <!-- tearDown -->
        <test-method status="PASS" signature="beforeMethod(java.lang.reflect.Method, java.lang.String)[pri:0, instance:com.pulse.Test.ValidLogin4@e25b2fe]" name="beforeMethod" is-config="true" duration-ms="5400" started-at="2021-01-22T07:34:35Z" finished-at="2021-01-22T07:34:41Z">
          <params>
            <param index="0">
              <value>
                <![CDATA[public void com.pulse.Test.ValidLogin4.TC8(java.lang.reflect.Method) throws java.lang.Exception]]>
              </value>
            </param>
            <param index="1">
              <value>
                <![CDATA[chrome]]>
              </value>
            </param>
          </params>
          <reporter-output>
          </reporter-output>
        </test-method> <!-- beforeMethod -->
        <test-method status="FAIL" signature="TC8(java.lang.reflect.Method)[pri:0, instance:com.pulse.Test.ValidLogin4@e25b2fe]" name="TC8" duration-ms="4634" started-at="2021-01-22T07:34:41Z" finished-at="2021-01-22T07:34:45Z">
          <params>
            <param index="0">
              <value>
                <![CDATA[public void com.pulse.Test.ValidLogin4.TC8(java.lang.reflect.Method) throws java.lang.Exception]]>
              </value>
            </param>
          </params>
          <exception class="java.lang.AssertionError">
            <message>
              <![CDATA[expected [Business News Live, Share Market News - Read Latest Finance News, IPO, Mutual Funds News] but found [The Economic Times: Business News, Personal Finance, Financial News, India Stock Market Investing, Economy News, SENSEX, NIFTY, NSE, BSE Live, IPO News]]]>
            </message>
            <full-stacktrace>
              <![CDATA[java.lang.AssertionError: expected [Business News Live, Share Market News - Read Latest Finance News, IPO, Mutual Funds News] but found [The Economic Times: Business News, Personal Finance, Financial News, India Stock Market Investing, Economy News, SENSEX, NIFTY, NSE, BSE Live, IPO News]
	at org.testng.Assert.fail(Assert.java:93)
	at org.testng.Assert.failNotEquals(Assert.java:512)
	at org.testng.Assert.assertEqualsImpl(Assert.java:134)
	at org.testng.Assert.assertEquals(Assert.java:115)
	at org.testng.Assert.assertEquals(Assert.java:189)
	at org.testng.Assert.assertEquals(Assert.java:199)
	at com.pulse.Test.ValidLogin4.TC8(ValidLogin4.java:64)
	at sun.reflect.NativeMethodAccessorImpl.invoke0(Native Method)
	at sun.reflect.NativeMethodAccessorImpl.invoke(NativeMethodAccessorImpl.java:62)
	at sun.reflect.DelegatingMethodAccessorImpl.invoke(DelegatingMethodAccessorImpl.java:43)
	at java.lang.reflect.Method.invoke(Method.java:498)
	at org.testng.internal.MethodInvocationHelper.invokeMethod(MethodInvocationHelper.java:108)
	at org.testng.internal.Invoker.invokeMethod(Invoker.java:661)
	at org.testng.internal.Invoker.invokeTestMethod(Invoker.java:869)
	at org.testng.internal.Invoker.invokeTestMethods(Invoker.java:1193)
	at org.testng.internal.TestMethodWorker.invokeTestMethods(TestMethodWorker.java:126)
	at org.testng.internal.TestMethodWorker.run(TestMethodWorker.java:109)
	at org.testng.TestRunner.privateRun(TestRunner.java:744)
	at org.testng.TestRunner.run(TestRunner.java:602)
	at org.testng.SuiteRunner.runTest(SuiteRunner.java:380)
	at org.testng.SuiteRunner.access$000(SuiteRunner.java:39)
	at org.testng.SuiteRunner$SuiteWorker.run(SuiteRunner.java:414)
	at org.testng.internal.thread.ThreadUtil$1.call(ThreadUtil.java:52)
	at java.util.concurrent.FutureTask.run(FutureTask.java:266)
	at java.util.concurrent.ThreadPoolExecutor.runWorker(ThreadPoolExecutor.java:1149)
	at java.util.concurrent.ThreadPoolExecutor$Worker.run(ThreadPoolExecutor.java:624)
	at java.lang.Thread.run(Thread.java:748)
]]>
            </full-stacktrace>
          </exception> <!-- java.lang.AssertionError -->
          <reporter-output>
          </reporter-output>
        </test-method> <!-- TC8 -->
        <test-method status="PASS" signature="tearDown(org.testng.ITestResult)[pri:0, instance:com.pulse.Test.ValidLogin4@e25b2fe]" name="tearDown" is-config="true" duration-ms="135" started-at="2021-01-22T07:34:45Z" finished-at="2021-01-22T07:34:45Z">
          <params>
            <param index="0">
              <value>
                <![CDATA[[TestResult name=TC8 status=FAILURE method=ValidLogin4.TC8(java.lang.reflect.Method)[pri:0, instance:com.pulse.Test.ValidLogin4@e25b2fe] output={null}]]]>
              </value>
            </param>
          </params>
          <reporter-output>
          </reporter-output>
        </test-method> <!-- tearDown -->
        <test-method status="PASS" signature="afterClass()[pri:0, instance:com.pulse.Test.ValidLogin4@e25b2fe]" name="afterClass" is-config="true" duration-ms="46" started-at="2021-01-22T07:34:45Z" finished-at="2021-01-22T07:34:45Z">
          <reporter-output>
          </reporter-output>
        </test-method> <!-- afterClass -->
      </class> <!-- com.pulse.Test.ValidLogin4 -->
    </test> <!-- TestFirefox -->
  </suite> <!-- Extent Parallel Test -->
</testng-results>
